<?xml version="1.0" encoding="UTF-8"?>
<!-- Generated by org.testng.reporters.JUnitReportReporter -->
<testsuite skipped="0" hostname="DE7PMHQN2" name="Test.ExtentReport_TestNG" tests="1" failures="0" timestamp="2020-04-03T18:49:29 IST" time="1.309" errors="0">
  <testcase name="flightSearchtest" time="1.309" classname="Test.ExtentReport_TestNG"/>
  <system-out/>
</testsuite> <!-- Test.ExtentReport_TestNG -->
