<?xml version="1.0" encoding="UTF-8"?>
<!-- Generated by org.testng.reporters.JUnitReportReporter -->
<testsuite skipped="0" hostname="DE7PMHQN2" name="Test.newtest2" tests="1" failures="0" timestamp="2020-04-06T14:52:12 IST" time="31.112" errors="0">
  <testcase name="flightSearchtest" time="31.112" classname="Test.newtest2"/>
  <system-out/>
</testsuite> <!-- Test.newtest2 -->
