<?xml version="1.0" encoding="UTF-8"?>
<!-- Generated by org.testng.reporters.JUnitReportReporter -->
<testsuite skipped="0" hostname="DE7PMHQN2" name="Test.SearchFlight" tests="1" failures="0" timestamp="2020-04-06T14:54:52 IST" time="37.569" errors="0">
  <testcase name="flightSearchtest" time="37.569" classname="Test.SearchFlight"/>
  <system-out/>
</testsuite> <!-- Test.SearchFlight -->
